{
  "RSpec": {
    "coverage": {
      "/Users/andreadiotallevi/Code/AndreaDiotallevi/expense_tracker/app.rb": [
        1,
        1,
        null,
        1,
        null,
        1,
        1,
        1,
        1,
        null,
        1,
        2,
        null,
        null,
        1,
        1,
        null,
        null,
        null,
        1,
        1,
        null,
        null,
        1,
        1,
        1,
        null,
        null,
        1,
        null
      ],
      "/Users/andreadiotallevi/Code/AndreaDiotallevi/expense_tracker/lib/user.rb": [
        1,
        null
      ],
      "/Users/andreadiotallevi/Code/AndreaDiotallevi/expense_tracker/spec/features/homepage_spec.rb": [
        1,
        1,
        1,
        1,
        null,
        null
      ],
      "/Users/andreadiotallevi/Code/AndreaDiotallevi/expense_tracker/spec/features/sign_up_spec.rb": [
        1,
        1,
        1,
        null,
        1,
        1,
        1,
        1,
        1,
        1,
        null,
        1,
        1,
        null,
        null
      ]
    },
    "timestamp": 1576955594
  }
}
