{
  "RSpec": {
    "coverage": {
      "/Users/student/Code/expense-tracker/app.rb": [
        1,
        1,
        1,
        1,
        null,
        1,
        1,
        1,
        1,
        null,
        1,
        1,
        1,
        1,
        1,
        null,
        1,
        18,
        null,
        null,
        1,
        13,
        null,
        null,
        1,
        12,
        11,
        11,
        null,
        11,
        11,
        null,
        1,
        1,
        null,
        null,
        null,
        1,
        5,
        null,
        null,
        1,
        4,
        4,
        3,
        3,
        null,
        1,
        1,
        null,
        null,
        null,
        1,
        1,
        1,
        1,
        null,
        null,
        1,
        19,
        19,
        19,
        null,
        null,
        1,
        5,
        null,
        null,
        1,
        10,
        10,
        10,
        10,
        null,
        null,
        1,
        5,
        5,
        5,
        null,
        null,
        1,
        2,
        2,
        null,
        null,
        1,
        2,
        2,
        2,
        2,
        null,
        null,
        1,
        3,
        3,
        null,
        null,
        1,
        3,
        3,
        null,
        3,
        null,
        null,
        1,
        4,
        4,
        null,
        null,
        1,
        null
      ],
      "/Users/student/Code/expense-tracker/lib/user.rb": [
        1,
        1,
        1,
        1,
        1,
        null
      ],
      "/Users/student/Code/expense-tracker/lib/theme.rb": [
        1,
        1,
        1,
        1,
        null
      ],
      "/Users/student/Code/expense-tracker/lib/participation.rb": [
        1,
        1,
        1,
        null
      ],
      "/Users/student/Code/expense-tracker/lib/expense.rb": [
        1,
        1,
        1,
        null
      ],
      "/Users/student/Code/expense-tracker/spec/web_helpers.rb": [
        1,
        9,
        9,
        9,
        9,
        9,
        9,
        9,
        9,
        null,
        null,
        1,
        2,
        2,
        2,
        2,
        2,
        2,
        2,
        2,
        null,
        null,
        1,
        1,
        1,
        1,
        1,
        1,
        null,
        null,
        1,
        2,
        2,
        2,
        2,
        2,
        null,
        null,
        1,
        5,
        5,
        5,
        5,
        null,
        null,
        1,
        2,
        2,
        2,
        null,
        null,
        1,
        2,
        2,
        2,
        2,
        null,
        null,
        1,
        1,
        1,
        1,
        1,
        null
      ],
      "/Users/student/Code/expense-tracker/spec/features/add_expense_spec.rb": [
        1,
        1,
        1,
        1,
        1,
        1,
        1,
        1,
        1,
        1,
        1,
        1,
        null,
        null
      ],
      "/Users/student/Code/expense-tracker/spec/features/create_theme_spec.rb": [
        1,
        1,
        1,
        1,
        1,
        1,
        null,
        null
      ],
      "/Users/student/Code/expense-tracker/spec/features/homepage_spec.rb": [
        1,
        1,
        1,
        1,
        null,
        null
      ],
      "/Users/student/Code/expense-tracker/spec/features/invite_friend_spec.rb": [
        1,
        1,
        1,
        1,
        1,
        1,
        1,
        1,
        1,
        1,
        null,
        null
      ],
      "/Users/student/Code/expense-tracker/spec/features/log_in_spec.rb": [
        1,
        1,
        1,
        1,
        1,
        null,
        null,
        1,
        1,
        1,
        1,
        1,
        1,
        1,
        1,
        1,
        null,
        null
      ],
      "/Users/student/Code/expense-tracker/spec/features/log_out_spec.rb": [
        1,
        1,
        1,
        1,
        null,
        1,
        1,
        null,
        null
      ],
      "/Users/student/Code/expense-tracker/spec/features/sign_up_spec.rb": [
        1,
        1,
        1,
        1,
        null,
        null,
        1,
        1,
        1,
        1,
        1,
        1,
        1,
        1,
        1,
        1,
        1,
        null,
        null
      ],
      "/Users/student/Code/expense-tracker/spec/features/view_expenses_spec.rb": [
        1,
        1,
        1,
        1,
        1,
        1,
        1,
        1,
        1,
        1,
        1,
        1,
        1,
        1,
        1,
        1,
        1,
        1,
        1,
        null,
        null
      ],
      "/Users/student/Code/expense-tracker/spec/features/view_theme_spec.rb": [
        1,
        1,
        1,
        1,
        1,
        1,
        null,
        null
      ]
    },
    "timestamp": 1582390394
  }
}
